{"D:\\code\\ai\\LagZero\\electron\\categories\\manager.ts": {"path":"D:\\code\\ai\\LagZero\\electron\\categories\\manager.ts","statementMap":{"0":{"start":{"line":15,"column":2},"end":{"line":15,"column":null}},"1":{"start":{"line":18,"column":4},"end":{"line":18,"column":null}},"2":{"start":{"line":19,"column":4},"end":{"line":19,"column":null}},"3":{"start":{"line":20,"column":4},"end":{"line":20,"column":null}},"4":{"start":{"line":24,"column":4},"end":{"line":28,"column":null}},"5":{"start":{"line":25,"column":8},"end":{"line":25,"column":null}},"6":{"start":{"line":27,"column":8},"end":{"line":27,"column":null}},"7":{"start":{"line":32,"column":4},"end":{"line":32,"column":null}},"8":{"start":{"line":33,"column":4},"end":{"line":33,"column":null}},"9":{"start":{"line":37,"column":19},"end":{"line":37,"column":null}},"10":{"start":{"line":38,"column":4},"end":{"line":38,"column":null}},"11":{"start":{"line":39,"column":4},"end":{"line":39,"column":null}},"12":{"start":{"line":43,"column":19},"end":{"line":43,"column":null}},"13":{"start":{"line":44,"column":4},"end":{"line":44,"column":null}},"14":{"start":{"line":45,"column":4},"end":{"line":45,"column":null}},"15":{"start":{"line":50,"column":23},"end":{"line":50,"column":null}},"16":{"start":{"line":51,"column":19},"end":{"line":51,"column":null}},"17":{"start":{"line":53,"column":4},"end":{"line":67,"column":null}},"18":{"start":{"line":54,"column":6},"end":{"line":66,"column":null}},"19":{"start":{"line":55,"column":8},"end":{"line":65,"column":null}},"20":{"start":{"line":56,"column":10},"end":{"line":64,"column":null}},"21":{"start":{"line":57,"column":26},"end":{"line":57,"column":null}},"22":{"start":{"line":58,"column":12},"end":{"line":58,"column":null}},"23":{"start":{"line":58,"column":38},"end":{"line":58,"column":null}},"24":{"start":{"line":59,"column":12},"end":{"line":61,"column":null}},"25":{"start":{"line":60,"column":14},"end":{"line":60,"column":null}},"26":{"start":{"line":60,"column":37},"end":{"line":60,"column":null}},"27":{"start":{"line":68,"column":4},"end":{"line":68,"column":null}},"28":{"start":{"line":72,"column":4},"end":{"line":72,"column":null}},"29":{"start":{"line":72,"column":47},"end":{"line":72,"column":60}},"30":{"start":{"line":73,"column":4},"end":{"line":73,"column":null}},"31":{"start":{"line":73,"column":65},"end":{"line":73,"column":84}},"32":{"start":{"line":74,"column":4},"end":{"line":74,"column":null}},"33":{"start":{"line":74,"column":59},"end":{"line":74,"column":74}},"34":{"start":{"line":75,"column":4},"end":{"line":75,"column":null}},"35":{"start":{"line":75,"column":81},"end":{"line":75,"column":116}}},"fnMap":{"0":{"name":"(anonymous_0)","decl":{"start":{"line":17,"column":2},"end":{"line":17,"column":14}},"loc":{"start":{"line":17,"column":35},"end":{"line":21,"column":null}},"line":17},"1":{"name":"(anonymous_1)","decl":{"start":{"line":23,"column":16},"end":{"line":23,"column":31}},"loc":{"start":{"line":23,"column":31},"end":{"line":29,"column":null}},"line":23},"2":{"name":"(anonymous_2)","decl":{"start":{"line":31,"column":15},"end":{"line":31,"column":24}},"loc":{"start":{"line":31,"column":24},"end":{"line":34,"column":null}},"line":31},"3":{"name":"(anonymous_3)","decl":{"start":{"line":36,"column":15},"end":{"line":36,"column":20}},"loc":{"start":{"line":36,"column":40},"end":{"line":40,"column":null}},"line":36},"4":{"name":"(anonymous_4)","decl":{"start":{"line":42,"column":15},"end":{"line":42,"column":22}},"loc":{"start":{"line":42,"column":34},"end":{"line":46,"column":null}},"line":42},"5":{"name":"(anonymous_5)","decl":{"start":{"line":48,"column":9},"end":{"line":48,"column":23}},"loc":{"start":{"line":48,"column":89},"end":{"line":69,"column":null}},"line":48},"6":{"name":"(anonymous_6)","decl":{"start":{"line":71,"column":10},"end":{"line":71,"column":24}},"loc":{"start":{"line":71,"column":24},"end":{"line":76,"column":null}},"line":71},"7":{"name":"(anonymous_7)","decl":{"start":{"line":72,"column":41},"end":{"line":72,"column":47}},"loc":{"start":{"line":72,"column":47},"end":{"line":72,"column":60}},"line":72},"8":{"name":"(anonymous_8)","decl":{"start":{"line":73,"column":38},"end":{"line":73,"column":39}},"loc":{"start":{"line":73,"column":65},"end":{"line":73,"column":84}},"line":73},"9":{"name":"(anonymous_9)","decl":{"start":{"line":74,"column":40},"end":{"line":74,"column":41}},"loc":{"start":{"line":74,"column":59},"end":{"line":74,"column":74}},"line":74},"10":{"name":"(anonymous_10)","decl":{"start":{"line":75,"column":39},"end":{"line":75,"column":40}},"loc":{"start":{"line":75,"column":81},"end":{"line":75,"column":116}},"line":75}},"branchMap":{"0":{"loc":{"start":{"line":51,"column":19},"end":{"line":51,"column":null}},"type":"cond-expr","locations":[{"start":{"line":51,"column":49},"end":{"line":51,"column":64}},{"start":{"line":51,"column":64},"end":{"line":51,"column":null}}],"line":51},"1":{"loc":{"start":{"line":54,"column":6},"end":{"line":66,"column":null}},"type":"if","locations":[{"start":{"line":54,"column":6},"end":{"line":66,"column":null}},{"start":{},"end":{}}],"line":54},"2":{"loc":{"start":{"line":54,"column":10},"end":{"line":54,"column":45}},"type":"binary-expr","locations":[{"start":{"line":54,"column":10},"end":{"line":54,"column":23}},{"start":{"line":54,"column":23},"end":{"line":54,"column":45}}],"line":54},"3":{"loc":{"start":{"line":58,"column":12},"end":{"line":58,"column":null}},"type":"if","locations":[{"start":{"line":58,"column":12},"end":{"line":58,"column":null}},{"start":{},"end":{}}],"line":58},"4":{"loc":{"start":{"line":60,"column":14},"end":{"line":60,"column":null}},"type":"if","locations":[{"start":{"line":60,"column":14},"end":{"line":60,"column":null}},{"start":{},"end":{}}],"line":60}},"s":{"0":4,"1":4,"2":4,"3":4,"4":4,"5":4,"6":0,"7":8,"8":8,"9":2,"10":2,"11":2,"12":1,"13":1,"14":1,"15":0,"16":0,"17":0,"18":0,"19":0,"20":0,"21":0,"22":0,"23":0,"24":0,"25":0,"26":0,"27":0,"28":4,"29":0,"30":4,"31":0,"32":4,"33":0,"34":4,"35":0},"f":{"0":4,"1":4,"2":8,"3":2,"4":1,"5":0,"6":4,"7":0,"8":0,"9":0,"10":0},"b":{"0":[0,0],"1":[0,0],"2":[0,0],"3":[0,0],"4":[0,0]},"meta":{"lastBranch":5,"lastFunction":11,"lastStatement":36,"seen":{"f:17:2:17:14":0,"s:15:2:15:Infinity":0,"s:18:4:18:Infinity":1,"s:19:4:19:Infinity":2,"s:20:4:20:Infinity":3,"f:23:16:23:31":1,"s:24:4:28:Infinity":4,"s:25:8:25:Infinity":5,"s:27:8:27:Infinity":6,"f:31:15:31:24":2,"s:32:4:32:Infinity":7,"s:33:4:33:Infinity":8,"f:36:15:36:20":3,"s:37:19:37:Infinity":9,"s:38:4:38:Infinity":10,"s:39:4:39:Infinity":11,"f:42:15:42:22":4,"s:43:19:43:Infinity":12,"s:44:4:44:Infinity":13,"s:45:4:45:Infinity":14,"f:48:9:48:23":5,"s:50:23:50:Infinity":15,"s:51:19:51:Infinity":16,"b:51:49:51:64:51:64:51:Infinity":0,"s:53:4:67:Infinity":17,"b:54:6:66:Infinity:undefined:undefined:undefined:undefined":1,"s:54:6:66:Infinity":18,"b:54:10:54:23:54:23:54:45":2,"s:55:8:65:Infinity":19,"s:56:10:64:Infinity":20,"s:57:26:57:Infinity":21,"b:58:12:58:Infinity:undefined:undefined:undefined:undefined":3,"s:58:12:58:Infinity":22,"s:58:38:58:Infinity":23,"s:59:12:61:Infinity":24,"b:60:14:60:Infinity:undefined:undefined:undefined:undefined":4,"s:60:14:60:Infinity":25,"s:60:37:60:Infinity":26,"s:68:4:68:Infinity":27,"f:71:10:71:24":6,"s:72:4:72:Infinity":28,"f:72:41:72:47":7,"s:72:47:72:60":29,"s:73:4:73:Infinity":30,"f:73:38:73:39":8,"s:73:65:73:84":31,"s:74:4:74:Infinity":32,"f:74:40:74:41":9,"s:74:59:74:74":33,"s:75:4:75:Infinity":34,"f:75:39:75:40":10,"s:75:81:75:116":35}}}
,"D:\\code\\ai\\LagZero\\electron\\config\\store.ts": {"path":"D:\\code\\ai\\LagZero\\electron\\config\\store.ts","statementMap":{"0":{"start":{"line":18,"column":4},"end":{"line":18,"column":null}},"1":{"start":{"line":19,"column":4},"end":{"line":19,"column":null}},"2":{"start":{"line":20,"column":4},"end":{"line":20,"column":null}},"3":{"start":{"line":21,"column":4},"end":{"line":21,"column":null}},"4":{"start":{"line":22,"column":4},"end":{"line":22,"column":null}},"5":{"start":{"line":26,"column":4},"end":{"line":35,"column":null}},"6":{"start":{"line":27,"column":6},"end":{"line":31,"column":null}},"7":{"start":{"line":28,"column":8},"end":{"line":28,"column":null}},"8":{"start":{"line":30,"column":8},"end":{"line":30,"column":null}},"9":{"start":{"line":33,"column":6},"end":{"line":33,"column":null}},"10":{"start":{"line":39,"column":4},"end":{"line":39,"column":null}},"11":{"start":{"line":43,"column":4},"end":{"line":43,"column":null}},"12":{"start":{"line":44,"column":4},"end":{"line":44,"column":null}},"13":{"start":{"line":48,"column":4},"end":{"line":53,"column":null}},"14":{"start":{"line":49,"column":6},"end":{"line":49,"column":null}},"15":{"start":{"line":50,"column":6},"end":{"line":50,"column":null}},"16":{"start":{"line":52,"column":6},"end":{"line":52,"column":null}},"17":{"start":{"line":57,"column":4},"end":{"line":57,"column":null}},"18":{"start":{"line":57,"column":68},"end":{"line":57,"column":null}},"19":{"start":{"line":59,"column":4},"end":{"line":81,"column":null}},"20":{"start":{"line":60,"column":6},"end":{"line":60,"column":null}},"21":{"start":{"line":61,"column":12},"end":{"line":61,"column":null}},"22":{"start":{"line":62,"column":25},"end":{"line":62,"column":null}},"23":{"start":{"line":64,"column":6},"end":{"line":66,"column":null}},"24":{"start":{"line":65,"column":8},"end":{"line":65,"column":null}},"25":{"start":{"line":69,"column":20},"end":{"line":69,"column":null}},"26":{"start":{"line":70,"column":22},"end":{"line":73,"column":null}},"27":{"start":{"line":71,"column":21},"end":{"line":71,"column":75}},"28":{"start":{"line":72,"column":18},"end":{"line":72,"column":46}},"29":{"start":{"line":73,"column":24},"end":{"line":73,"column":87}},"30":{"start":{"line":75,"column":6},"end":{"line":78,"column":null}},"31":{"start":{"line":76,"column":25},"end":{"line":76,"column":null}},"32":{"start":{"line":77,"column":8},"end":{"line":77,"column":null}},"33":{"start":{"line":77,"column":44},"end":{"line":77,"column":56}},"34":{"start":{"line":80,"column":6},"end":{"line":80,"column":null}}},"fnMap":{"0":{"name":"(anonymous_0)","decl":{"start":{"line":17,"column":2},"end":{"line":17,"column":14}},"loc":{"start":{"line":17,"column":40},"end":{"line":23,"column":null}},"line":17},"1":{"name":"(anonymous_1)","decl":{"start":{"line":25,"column":10},"end":{"line":25,"column":17}},"loc":{"start":{"line":25,"column":17},"end":{"line":36,"column":null}},"line":25},"2":{"name":"(anonymous_2)","decl":{"start":{"line":38,"column":9},"end":{"line":38,"column":18}},"loc":{"start":{"line":38,"column":18},"end":{"line":40,"column":null}},"line":38},"3":{"name":"(anonymous_3)","decl":{"start":{"line":42,"column":9},"end":{"line":42,"column":13}},"loc":{"start":{"line":42,"column":22},"end":{"line":45,"column":null}},"line":42},"4":{"name":"(anonymous_4)","decl":{"start":{"line":47,"column":16},"end":{"line":47,"column":23}},"loc":{"start":{"line":47,"column":23},"end":{"line":54,"column":null}},"line":47},"5":{"name":"(anonymous_5)","decl":{"start":{"line":56,"column":16},"end":{"line":56,"column":25}},"loc":{"start":{"line":56,"column":25},"end":{"line":82,"column":null}},"line":56},"6":{"name":"(anonymous_6)","decl":{"start":{"line":71,"column":16},"end":{"line":71,"column":21}},"loc":{"start":{"line":71,"column":21},"end":{"line":71,"column":75}},"line":71},"7":{"name":"(anonymous_7)","decl":{"start":{"line":72,"column":13},"end":{"line":72,"column":18}},"loc":{"start":{"line":72,"column":18},"end":{"line":72,"column":46}},"line":72},"8":{"name":"(anonymous_8)","decl":{"start":{"line":73,"column":14},"end":{"line":73,"column":15}},"loc":{"start":{"line":73,"column":24},"end":{"line":73,"column":87}},"line":73},"9":{"name":"(anonymous_9)","decl":{"start":{"line":77,"column":39},"end":{"line":77,"column":44}},"loc":{"start":{"line":77,"column":44},"end":{"line":77,"column":56}},"line":77}},"branchMap":{"0":{"loc":{"start":{"line":27,"column":6},"end":{"line":31,"column":null}},"type":"if","locations":[{"start":{"line":27,"column":6},"end":{"line":31,"column":null}},{"start":{"line":29,"column":13},"end":{"line":31,"column":null}}],"line":27},"1":{"loc":{"start":{"line":57,"column":4},"end":{"line":57,"column":null}},"type":"if","locations":[{"start":{"line":57,"column":4},"end":{"line":57,"column":null}},{"start":{},"end":{}}],"line":57},"2":{"loc":{"start":{"line":57,"column":8},"end":{"line":57,"column":68}},"type":"binary-expr","locations":[{"start":{"line":57,"column":8},"end":{"line":57,"column":37}},{"start":{"line":57,"column":37},"end":{"line":57,"column":68}}],"line":57},"3":{"loc":{"start":{"line":64,"column":6},"end":{"line":66,"column":null}},"type":"if","locations":[{"start":{"line":64,"column":6},"end":{"line":66,"column":null}},{"start":{},"end":{}}],"line":64},"4":{"loc":{"start":{"line":71,"column":21},"end":{"line":71,"column":75}},"type":"binary-expr","locations":[{"start":{"line":71,"column":21},"end":{"line":71,"column":56}},{"start":{"line":71,"column":56},"end":{"line":71,"column":75}}],"line":71},"5":{"loc":{"start":{"line":75,"column":6},"end":{"line":78,"column":null}},"type":"if","locations":[{"start":{"line":75,"column":6},"end":{"line":78,"column":null}},{"start":{},"end":{}}],"line":75}},"s":{"0":3,"1":3,"2":3,"3":3,"4":3,"5":3,"6":3,"7":0,"8":3,"9":0,"10":1,"11":3,"12":3,"13":6,"14":6,"15":6,"16":0,"17":6,"18":0,"19":6,"20":6,"21":6,"22":6,"23":6,"24":3,"25":6,"26":6,"27":4,"28":4,"29":1,"30":6,"31":0,"32":0,"33":0,"34":0},"f":{"0":3,"1":3,"2":1,"3":3,"4":6,"5":6,"6":4,"7":4,"8":1,"9":0},"b":{"0":[0,3],"1":[0,6],"2":[6,6],"3":[3,3],"4":[4,4],"5":[0,6]},"meta":{"lastBranch":6,"lastFunction":10,"lastStatement":35,"seen":{"f:17:2:17:14":0,"s:18:4:18:Infinity":0,"s:19:4:19:Infinity":1,"s:20:4:20:Infinity":2,"s:21:4:21:Infinity":3,"s:22:4:22:Infinity":4,"f:25:10:25:17":1,"s:26:4:35:Infinity":5,"b:27:6:31:Infinity:29:13:31:Infinity":0,"s:27:6:31:Infinity":6,"s:28:8:28:Infinity":7,"s:30:8:30:Infinity":8,"s:33:6:33:Infinity":9,"f:38:9:38:18":2,"s:39:4:39:Infinity":10,"f:42:9:42:13":3,"s:43:4:43:Infinity":11,"s:44:4:44:Infinity":12,"f:47:16:47:23":4,"s:48:4:53:Infinity":13,"s:49:6:49:Infinity":14,"s:50:6:50:Infinity":15,"s:52:6:52:Infinity":16,"f:56:16:56:25":5,"b:57:4:57:Infinity:undefined:undefined:undefined:undefined":1,"s:57:4:57:Infinity":17,"b:57:8:57:37:57:37:57:68":2,"s:57:68:57:Infinity":18,"s:59:4:81:Infinity":19,"s:60:6:60:Infinity":20,"s:61:12:61:Infinity":21,"s:62:25:62:Infinity":22,"b:64:6:66:Infinity:undefined:undefined:undefined:undefined":3,"s:64:6:66:Infinity":23,"s:65:8:65:Infinity":24,"s:69:20:69:Infinity":25,"s:70:22:73:Infinity":26,"f:71:16:71:21":6,"s:71:21:71:75":27,"b:71:21:71:56:71:56:71:75":4,"f:72:13:72:18":7,"s:72:18:72:46":28,"f:73:14:73:15":8,"s:73:24:73:87":29,"b:75:6:78:Infinity:undefined:undefined:undefined:undefined":5,"s:75:6:78:Infinity":30,"s:76:25:76:Infinity":31,"s:77:8:77:Infinity":32,"f:77:39:77:44":9,"s:77:44:77:56":33,"s:80:6:80:Infinity":34}}}
,"D:\\code\\ai\\LagZero\\src\\composables\\useTheme.ts": {"path":"D:\\code\\ai\\LagZero\\src\\composables\\useTheme.ts","statementMap":{"0":{"start":{"line":6,"column":6},"end":{"line":6,"column":null}},"1":{"start":{"line":7,"column":6},"end":{"line":7,"column":null}},"2":{"start":{"line":8,"column":6},"end":{"line":8,"column":null}},"3":{"start":{"line":11,"column":21},"end":{"line":11,"column":null}},"4":{"start":{"line":14,"column":17},"end":{"line":14,"column":null}},"5":{"start":{"line":15,"column":19},"end":{"line":15,"column":null}},"6":{"start":{"line":17,"column":4},"end":{"line":17,"column":null}},"7":{"start":{"line":20,"column":4},"end":{"line":24,"column":null}},"8":{"start":{"line":21,"column":6},"end":{"line":21,"column":null}},"9":{"start":{"line":23,"column":6},"end":{"line":23,"column":null}},"10":{"start":{"line":28,"column":4},"end":{"line":28,"column":null}},"11":{"start":{"line":29,"column":4},"end":{"line":29,"column":null}},"12":{"start":{"line":33,"column":4},"end":{"line":33,"column":null}},"13":{"start":{"line":34,"column":4},"end":{"line":34,"column":null}},"14":{"start":{"line":35,"column":4},"end":{"line":35,"column":null}},"15":{"start":{"line":39,"column":4},"end":{"line":39,"column":null}},"16":{"start":{"line":40,"column":4},"end":{"line":40,"column":null}},"17":{"start":{"line":41,"column":4},"end":{"line":41,"column":null}},"18":{"start":{"line":45,"column":17},"end":{"line":45,"column":null}},"19":{"start":{"line":46,"column":4},"end":{"line":46,"column":null}},"20":{"start":{"line":50,"column":4},"end":{"line":52,"column":null}},"21":{"start":{"line":51,"column":6},"end":{"line":51,"column":null}},"22":{"start":{"line":55,"column":2},"end":{"line":68,"column":null}},"23":{"start":{"line":56,"column":23},"end":{"line":56,"column":null}},"24":{"start":{"line":57,"column":4},"end":{"line":59,"column":null}},"25":{"start":{"line":58,"column":6},"end":{"line":58,"column":null}},"26":{"start":{"line":61,"column":23},"end":{"line":61,"column":null}},"27":{"start":{"line":62,"column":4},"end":{"line":64,"column":null}},"28":{"start":{"line":63,"column":6},"end":{"line":63,"column":null}},"29":{"start":{"line":66,"column":4},"end":{"line":66,"column":null}},"30":{"start":{"line":67,"column":4},"end":{"line":67,"column":null}},"31":{"start":{"line":70,"column":2},"end":{"line":72,"column":null}},"32":{"start":{"line":71,"column":4},"end":{"line":71,"column":null}},"33":{"start":{"line":74,"column":8},"end":{"line":74,"column":null}},"34":{"start":{"line":74,"column":32},"end":{"line":74,"column":62}},"35":{"start":{"line":76,"column":2},"end":{"line":84,"column":null}}},"fnMap":{"0":{"name":"useTheme","decl":{"start":{"line":10,"column":16},"end":{"line":10,"column":27}},"loc":{"start":{"line":10,"column":27},"end":{"line":85,"column":null}},"line":10},"1":{"name":"applyTheme","decl":{"start":{"line":13,"column":11},"end":{"line":13,"column":24}},"loc":{"start":{"line":13,"column":24},"end":{"line":30,"column":null}},"line":13},"2":{"name":"setTheme","decl":{"start":{"line":32,"column":11},"end":{"line":32,"column":20}},"loc":{"start":{"line":32,"column":37},"end":{"line":36,"column":null}},"line":32},"3":{"name":"setThemeColor","decl":{"start":{"line":38,"column":11},"end":{"line":38,"column":25}},"loc":{"start":{"line":38,"column":44},"end":{"line":42,"column":null}},"line":38},"4":{"name":"toggleTheme","decl":{"start":{"line":44,"column":11},"end":{"line":44,"column":25}},"loc":{"start":{"line":44,"column":25},"end":{"line":47,"column":null}},"line":44},"5":{"name":"handleSystemChange","decl":{"start":{"line":49,"column":11},"end":{"line":49,"column":32}},"loc":{"start":{"line":49,"column":32},"end":{"line":53,"column":null}},"line":49},"6":{"name":"(anonymous_6)","decl":{"start":{"line":55,"column":12},"end":{"line":55,"column":18}},"loc":{"start":{"line":55,"column":18},"end":{"line":68,"column":3}},"line":55},"7":{"name":"(anonymous_7)","decl":{"start":{"line":70,"column":14},"end":{"line":70,"column":20}},"loc":{"start":{"line":70,"column":20},"end":{"line":72,"column":3}},"line":70},"8":{"name":"(anonymous_8)","decl":{"start":{"line":74,"column":26},"end":{"line":74,"column":32}},"loc":{"start":{"line":74,"column":32},"end":{"line":74,"column":62}},"line":74}},"branchMap":{"0":{"loc":{"start":{"line":15,"column":19},"end":{"line":15,"column":null}},"type":"binary-expr","locations":[{"start":{"line":15,"column":19},"end":{"line":15,"column":46}},{"start":{"line":15,"column":46},"end":{"line":15,"column":72}},{"start":{"line":15,"column":72},"end":{"line":15,"column":null}}],"line":15},"1":{"loc":{"start":{"line":17,"column":26},"end":{"line":17,"column":null}},"type":"cond-expr","locations":[{"start":{"line":17,"column":35},"end":{"line":17,"column":44}},{"start":{"line":17,"column":44},"end":{"line":17,"column":null}}],"line":17},"2":{"loc":{"start":{"line":20,"column":4},"end":{"line":24,"column":null}},"type":"if","locations":[{"start":{"line":20,"column":4},"end":{"line":24,"column":null}},{"start":{"line":22,"column":11},"end":{"line":24,"column":null}}],"line":20},"3":{"loc":{"start":{"line":45,"column":17},"end":{"line":45,"column":null}},"type":"cond-expr","locations":[{"start":{"line":45,"column":50},"end":{"line":45,"column":60}},{"start":{"line":45,"column":60},"end":{"line":45,"column":null}}],"line":45},"4":{"loc":{"start":{"line":50,"column":4},"end":{"line":52,"column":null}},"type":"if","locations":[{"start":{"line":50,"column":4},"end":{"line":52,"column":null}},{"start":{},"end":{}}],"line":50},"5":{"loc":{"start":{"line":57,"column":4},"end":{"line":59,"column":null}},"type":"if","locations":[{"start":{"line":57,"column":4},"end":{"line":59,"column":null}},{"start":{},"end":{}}],"line":57},"6":{"loc":{"start":{"line":57,"column":8},"end":{"line":57,"column":70}},"type":"binary-expr","locations":[{"start":{"line":57,"column":8},"end":{"line":57,"column":22}},{"start":{"line":57,"column":22},"end":{"line":57,"column":70}}],"line":57},"7":{"loc":{"start":{"line":62,"column":4},"end":{"line":64,"column":null}},"type":"if","locations":[{"start":{"line":62,"column":4},"end":{"line":64,"column":null}},{"start":{},"end":{}}],"line":62},"8":{"loc":{"start":{"line":62,"column":8},"end":{"line":62,"column":89}},"type":"binary-expr","locations":[{"start":{"line":62,"column":8},"end":{"line":62,"column":22}},{"start":{"line":62,"column":22},"end":{"line":62,"column":89}}],"line":62}},"s":{"0":1,"1":1,"2":1,"3":9,"4":10,"5":10,"6":10,"7":10,"8":3,"9":7,"10":10,"11":10,"12":10,"13":10,"14":10,"15":0,"16":0,"17":0,"18":2,"19":2,"20":0,"21":0,"22":9,"23":0,"24":0,"25":0,"26":0,"27":0,"28":0,"29":0,"30":0,"31":9,"32":0,"33":9,"34":0,"35":9},"f":{"0":9,"1":10,"2":10,"3":0,"4":2,"5":0,"6":0,"7":0,"8":0},"b":{"0":[10,7,6],"1":[3,7],"2":[3,7],"3":[1,1],"4":[0,0],"5":[0,0],"6":[0,0],"7":[0,0],"8":[0,0]},"meta":{"lastBranch":9,"lastFunction":9,"lastStatement":36,"seen":{"s:6:6:6:Infinity":0,"s:7:6:7:Infinity":1,"s:8:6:8:Infinity":2,"f:10:16:10:27":0,"s:11:21:11:Infinity":3,"f:13:11:13:24":1,"s:14:17:14:Infinity":4,"s:15:19:15:Infinity":5,"b:15:19:15:46:15:46:15:72:15:72:15:Infinity":0,"s:17:4:17:Infinity":6,"b:17:35:17:44:17:44:17:Infinity":1,"b:20:4:24:Infinity:22:11:24:Infinity":2,"s:20:4:24:Infinity":7,"s:21:6:21:Infinity":8,"s:23:6:23:Infinity":9,"s:28:4:28:Infinity":10,"s:29:4:29:Infinity":11,"f:32:11:32:20":2,"s:33:4:33:Infinity":12,"s:34:4:34:Infinity":13,"s:35:4:35:Infinity":14,"f:38:11:38:25":3,"s:39:4:39:Infinity":15,"s:40:4:40:Infinity":16,"s:41:4:41:Infinity":17,"f:44:11:44:25":4,"s:45:17:45:Infinity":18,"b:45:50:45:60:45:60:45:Infinity":3,"s:46:4:46:Infinity":19,"f:49:11:49:32":5,"b:50:4:52:Infinity:undefined:undefined:undefined:undefined":4,"s:50:4:52:Infinity":20,"s:51:6:51:Infinity":21,"s:55:2:68:Infinity":22,"f:55:12:55:18":6,"s:56:23:56:Infinity":23,"b:57:4:59:Infinity:undefined:undefined:undefined:undefined":5,"s:57:4:59:Infinity":24,"b:57:8:57:22:57:22:57:70":6,"s:58:6:58:Infinity":25,"s:61:23:61:Infinity":26,"b:62:4:64:Infinity:undefined:undefined:undefined:undefined":7,"s:62:4:64:Infinity":27,"b:62:8:62:22:62:22:62:89":8,"s:63:6:63:Infinity":28,"s:66:4:66:Infinity":29,"s:67:4:67:Infinity":30,"s:70:2:72:Infinity":31,"f:70:14:70:20":7,"s:71:4:71:Infinity":32,"s:74:8:74:Infinity":33,"f:74:26:74:32":8,"s:74:32:74:62":34,"s:76:2:84:Infinity":35}}}
,"D:\\code\\ai\\LagZero\\src\\utils\\protocol.ts": {"path":"D:\\code\\ai\\LagZero\\src\\utils\\protocol.ts","statementMap":{"0":{"start":{"line":32,"column":2},"end":{"line":32,"column":null}},"1":{"start":{"line":33,"column":2},"end":{"line":33,"column":null}},"2":{"start":{"line":33,"column":13},"end":{"line":33,"column":null}},"3":{"start":{"line":36,"column":2},"end":{"line":53,"column":null}},"4":{"start":{"line":37,"column":4},"end":{"line":52,"column":null}},"5":{"start":{"line":46,"column":24},"end":{"line":46,"column":null}},"6":{"start":{"line":47,"column":8},"end":{"line":49,"column":null}},"7":{"start":{"line":48,"column":12},"end":{"line":48,"column":null}},"8":{"start":{"line":55,"column":2},"end":{"line":63,"column":null}},"9":{"start":{"line":56,"column":4},"end":{"line":56,"column":null}},"10":{"start":{"line":57,"column":2},"end":{"line":63,"column":null}},"11":{"start":{"line":58,"column":4},"end":{"line":58,"column":null}},"12":{"start":{"line":59,"column":2},"end":{"line":63,"column":null}},"13":{"start":{"line":60,"column":4},"end":{"line":60,"column":null}},"14":{"start":{"line":61,"column":2},"end":{"line":63,"column":null}},"15":{"start":{"line":62,"column":4},"end":{"line":62,"column":null}},"16":{"start":{"line":64,"column":2},"end":{"line":64,"column":null}},"17":{"start":{"line":68,"column":4},"end":{"line":68,"column":null}},"18":{"start":{"line":69,"column":4},"end":{"line":69,"column":null}},"19":{"start":{"line":69,"column":18},"end":{"line":69,"column":null}},"20":{"start":{"line":72,"column":4},"end":{"line":82,"column":null}},"21":{"start":{"line":73,"column":8},"end":{"line":81,"column":null}},"22":{"start":{"line":74,"column":28},"end":{"line":74,"column":null}},"23":{"start":{"line":76,"column":12},"end":{"line":78,"column":null}},"24":{"start":{"line":77,"column":16},"end":{"line":77,"column":null}},"25":{"start":{"line":84,"column":18},"end":{"line":84,"column":null}},"26":{"start":{"line":85,"column":34},"end":{"line":85,"column":null}},"27":{"start":{"line":87,"column":4},"end":{"line":92,"column":null}},"28":{"start":{"line":88,"column":23},"end":{"line":88,"column":null}},"29":{"start":{"line":89,"column":8},"end":{"line":91,"column":null}},"30":{"start":{"line":90,"column":12},"end":{"line":90,"column":null}},"31":{"start":{"line":94,"column":4},"end":{"line":94,"column":null}},"32":{"start":{"line":98,"column":2},"end":{"line":120,"column":null}},"33":{"start":{"line":99,"column":19},"end":{"line":99,"column":null}},"34":{"start":{"line":100,"column":20},"end":{"line":100,"column":null}},"35":{"start":{"line":101,"column":19},"end":{"line":101,"column":null}},"36":{"start":{"line":102,"column":4},"end":{"line":116,"column":null}},"37":{"start":{"line":118,"column":4},"end":{"line":118,"column":null}},"38":{"start":{"line":119,"column":4},"end":{"line":119,"column":null}},"39":{"start":{"line":124,"column":2},"end":{"line":149,"column":null}},"40":{"start":{"line":125,"column":16},"end":{"line":125,"column":null}},"41":{"start":{"line":126,"column":19},"end":{"line":126,"column":null}},"42":{"start":{"line":127,"column":4},"end":{"line":145,"column":null}},"43":{"start":{"line":147,"column":6},"end":{"line":147,"column":null}},"44":{"start":{"line":148,"column":6},"end":{"line":148,"column":null}},"45":{"start":{"line":153,"column":4},"end":{"line":189,"column":null}},"46":{"start":{"line":154,"column":18},"end":{"line":154,"column":null}},"47":{"start":{"line":155,"column":26},"end":{"line":155,"column":null}},"48":{"start":{"line":156,"column":18},"end":{"line":156,"column":null}},"49":{"start":{"line":157,"column":8},"end":{"line":160,"column":null}},"50":{"start":{"line":158,"column":12},"end":{"line":158,"column":null}},"51":{"start":{"line":159,"column":12},"end":{"line":159,"column":null}},"52":{"start":{"line":162,"column":22},"end":{"line":162,"column":null}},"53":{"start":{"line":163,"column":8},"end":{"line":165,"column":null}},"54":{"start":{"line":164,"column":13},"end":{"line":164,"column":null}},"55":{"start":{"line":167,"column":22},"end":{"line":167,"column":null}},"56":{"start":{"line":168,"column":8},"end":{"line":168,"column":null}},"57":{"start":{"line":168,"column":30},"end":{"line":168,"column":null}},"58":{"start":{"line":170,"column":25},"end":{"line":170,"column":null}},"59":{"start":{"line":171,"column":27},"end":{"line":171,"column":null}},"60":{"start":{"line":172,"column":8},"end":{"line":172,"column":null}},"61":{"start":{"line":172,"column":38},"end":{"line":172,"column":null}},"62":{"start":{"line":174,"column":25},"end":{"line":174,"column":null}},"63":{"start":{"line":175,"column":27},"end":{"line":175,"column":null}},"64":{"start":{"line":177,"column":8},"end":{"line":177,"column":null}},"65":{"start":{"line":177,"column":58},"end":{"line":177,"column":null}},"66":{"start":{"line":179,"column":8},"end":{"line":186,"column":null}},"67":{"start":{"line":188,"column":8},"end":{"line":188,"column":null}},"68":{"start":{"line":193,"column":4},"end":{"line":211,"column":null}},"69":{"start":{"line":194,"column":20},"end":{"line":194,"column":null}},"70":{"start":{"line":195,"column":23},"end":{"line":195,"column":null}},"71":{"start":{"line":196,"column":8},"end":{"line":208,"column":null}},"72":{"start":{"line":210,"column":8},"end":{"line":210,"column":null}}},"fnMap":{"0":{"name":"parseShareLink","decl":{"start":{"line":31,"column":16},"end":{"line":31,"column":31}},"loc":{"start":{"line":31,"column":64},"end":{"line":65,"column":null}},"line":31},"1":{"name":"parseBatchLinks","decl":{"start":{"line":67,"column":16},"end":{"line":67,"column":32}},"loc":{"start":{"line":67,"column":63},"end":{"line":95,"column":null}},"line":67},"2":{"name":"parseVMess","decl":{"start":{"line":97,"column":9},"end":{"line":97,"column":20}},"loc":{"start":{"line":97,"column":53},"end":{"line":121,"column":null}},"line":97},"3":{"name":"parseVLESS","decl":{"start":{"line":123,"column":9},"end":{"line":123,"column":20}},"loc":{"start":{"line":123,"column":53},"end":{"line":150,"column":null}},"line":123},"4":{"name":"parseShadowsocks","decl":{"start":{"line":152,"column":9},"end":{"line":152,"column":26}},"loc":{"start":{"line":152,"column":59},"end":{"line":190,"column":null}},"line":152},"5":{"name":"parseTrojan","decl":{"start":{"line":192,"column":9},"end":{"line":192,"column":21}},"loc":{"start":{"line":192,"column":54},"end":{"line":212,"column":null}},"line":192}},"branchMap":{"0":{"loc":{"start":{"line":33,"column":2},"end":{"line":33,"column":null}},"type":"if","locations":[{"start":{"line":33,"column":2},"end":{"line":33,"column":null}},{"start":{},"end":{}}],"line":33},"1":{"loc":{"start":{"line":36,"column":2},"end":{"line":53,"column":null}},"type":"if","locations":[{"start":{"line":36,"column":2},"end":{"line":53,"column":null}},{"start":{},"end":{}}],"line":36},"2":{"loc":{"start":{"line":36,"column":6},"end":{"line":36,"column":63}},"type":"binary-expr","locations":[{"start":{"line":36,"column":6},"end":{"line":36,"column":31}},{"start":{"line":36,"column":31},"end":{"line":36,"column":63}}],"line":36},"3":{"loc":{"start":{"line":47,"column":8},"end":{"line":49,"column":null}},"type":"if","locations":[{"start":{"line":47,"column":8},"end":{"line":49,"column":null}},{"start":{},"end":{}}],"line":47},"4":{"loc":{"start":{"line":55,"column":2},"end":{"line":63,"column":null}},"type":"if","locations":[{"start":{"line":55,"column":2},"end":{"line":63,"column":null}},{"start":{"line":57,"column":2},"end":{"line":63,"column":null}}],"line":55},"5":{"loc":{"start":{"line":57,"column":2},"end":{"line":63,"column":null}},"type":"if","locations":[{"start":{"line":57,"column":2},"end":{"line":63,"column":null}},{"start":{"line":59,"column":2},"end":{"line":63,"column":null}}],"line":57},"6":{"loc":{"start":{"line":59,"column":2},"end":{"line":63,"column":null}},"type":"if","locations":[{"start":{"line":59,"column":2},"end":{"line":63,"column":null}},{"start":{"line":61,"column":2},"end":{"line":63,"column":null}}],"line":59},"7":{"loc":{"start":{"line":61,"column":2},"end":{"line":63,"column":null}},"type":"if","locations":[{"start":{"line":61,"column":2},"end":{"line":63,"column":null}},{"start":{},"end":{}}],"line":61},"8":{"loc":{"start":{"line":69,"column":4},"end":{"line":69,"column":null}},"type":"if","locations":[{"start":{"line":69,"column":4},"end":{"line":69,"column":null}},{"start":{},"end":{}}],"line":69},"9":{"loc":{"start":{"line":72,"column":4},"end":{"line":82,"column":null}},"type":"if","locations":[{"start":{"line":72,"column":4},"end":{"line":82,"column":null}},{"start":{},"end":{}}],"line":72},"10":{"loc":{"start":{"line":72,"column":8},"end":{"line":72,"column":73}},"type":"binary-expr","locations":[{"start":{"line":72,"column":8},"end":{"line":72,"column":36}},{"start":{"line":72,"column":36},"end":{"line":72,"column":73}}],"line":72},"11":{"loc":{"start":{"line":76,"column":12},"end":{"line":78,"column":null}},"type":"if","locations":[{"start":{"line":76,"column":12},"end":{"line":78,"column":null}},{"start":{},"end":{}}],"line":76},"12":{"loc":{"start":{"line":89,"column":8},"end":{"line":91,"column":null}},"type":"if","locations":[{"start":{"line":89,"column":8},"end":{"line":91,"column":null}},{"start":{},"end":{}}],"line":89},"13":{"loc":{"start":{"line":104,"column":11},"end":{"line":104,"column":null}},"type":"binary-expr","locations":[{"start":{"line":104,"column":11},"end":{"line":104,"column":24}},{"start":{"line":104,"column":24},"end":{"line":104,"column":null}}],"line":104},"14":{"loc":{"start":{"line":129,"column":11},"end":{"line":129,"column":null}},"type":"binary-expr","locations":[{"start":{"line":129,"column":11},"end":{"line":129,"column":52}},{"start":{"line":129,"column":52},"end":{"line":129,"column":null}}],"line":129},"15":{"loc":{"start":{"line":133,"column":15},"end":{"line":133,"column":null}},"type":"binary-expr","locations":[{"start":{"line":133,"column":15},"end":{"line":133,"column":37}},{"start":{"line":133,"column":37},"end":{"line":133,"column":null}}],"line":133},"16":{"loc":{"start":{"line":134,"column":16},"end":{"line":134,"column":null}},"type":"binary-expr","locations":[{"start":{"line":134,"column":16},"end":{"line":134,"column":42}},{"start":{"line":134,"column":42},"end":{"line":134,"column":null}}],"line":134},"17":{"loc":{"start":{"line":135,"column":12},"end":{"line":135,"column":null}},"type":"binary-expr","locations":[{"start":{"line":135,"column":12},"end":{"line":135,"column":34}},{"start":{"line":135,"column":34},"end":{"line":135,"column":null}}],"line":135},"18":{"loc":{"start":{"line":137,"column":17},"end":{"line":137,"column":null}},"type":"binary-expr","locations":[{"start":{"line":137,"column":17},"end":{"line":137,"column":53}},{"start":{"line":137,"column":53},"end":{"line":137,"column":null}}],"line":137},"19":{"loc":{"start":{"line":138,"column":21},"end":{"line":138,"column":null}},"type":"binary-expr","locations":[{"start":{"line":138,"column":21},"end":{"line":138,"column":42}},{"start":{"line":138,"column":42},"end":{"line":138,"column":null}}],"line":138},"20":{"loc":{"start":{"line":142,"column":25},"end":{"line":142,"column":null}},"type":"binary-expr","locations":[{"start":{"line":142,"column":25},"end":{"line":142,"column":45}},{"start":{"line":142,"column":45},"end":{"line":142,"column":null}}],"line":142},"21":{"loc":{"start":{"line":157,"column":8},"end":{"line":160,"column":null}},"type":"if","locations":[{"start":{"line":157,"column":8},"end":{"line":160,"column":null}},{"start":{},"end":{}}],"line":157},"22":{"loc":{"start":{"line":158,"column":18},"end":{"line":158,"column":null}},"type":"binary-expr","locations":[{"start":{"line":158,"column":18},"end":{"line":158,"column":70}},{"start":{"line":158,"column":70},"end":{"line":158,"column":null}}],"line":158},"23":{"loc":{"start":{"line":163,"column":8},"end":{"line":165,"column":null}},"type":"if","locations":[{"start":{"line":163,"column":8},"end":{"line":165,"column":null}},{"start":{},"end":{}}],"line":163},"24":{"loc":{"start":{"line":168,"column":8},"end":{"line":168,"column":null}},"type":"if","locations":[{"start":{"line":168,"column":8},"end":{"line":168,"column":null}},{"start":{},"end":{}}],"line":168},"25":{"loc":{"start":{"line":172,"column":8},"end":{"line":172,"column":null}},"type":"if","locations":[{"start":{"line":172,"column":8},"end":{"line":172,"column":null}},{"start":{},"end":{}}],"line":172},"26":{"loc":{"start":{"line":172,"column":12},"end":{"line":172,"column":38}},"type":"binary-expr","locations":[{"start":{"line":172,"column":12},"end":{"line":172,"column":25}},{"start":{"line":172,"column":25},"end":{"line":172,"column":38}}],"line":172},"27":{"loc":{"start":{"line":177,"column":8},"end":{"line":177,"column":null}},"type":"if","locations":[{"start":{"line":177,"column":8},"end":{"line":177,"column":null}},{"start":{},"end":{}}],"line":177},"28":{"loc":{"start":{"line":177,"column":12},"end":{"line":177,"column":58}},"type":"binary-expr","locations":[{"start":{"line":177,"column":12},"end":{"line":177,"column":35}},{"start":{"line":177,"column":35},"end":{"line":177,"column":58}}],"line":177},"29":{"loc":{"start":{"line":182,"column":20},"end":{"line":182,"column":null}},"type":"binary-expr","locations":[{"start":{"line":182,"column":20},"end":{"line":182,"column":37}},{"start":{"line":182,"column":37},"end":{"line":182,"column":null}}],"line":182},"30":{"loc":{"start":{"line":198,"column":17},"end":{"line":198,"column":null}},"type":"binary-expr","locations":[{"start":{"line":198,"column":17},"end":{"line":198,"column":58}},{"start":{"line":198,"column":58},"end":{"line":198,"column":null}}],"line":198},"31":{"loc":{"start":{"line":202,"column":21},"end":{"line":202,"column":null}},"type":"binary-expr","locations":[{"start":{"line":202,"column":21},"end":{"line":202,"column":43}},{"start":{"line":202,"column":43},"end":{"line":202,"column":null}}],"line":202},"32":{"loc":{"start":{"line":205,"column":29},"end":{"line":205,"column":null}},"type":"binary-expr","locations":[{"start":{"line":205,"column":29},"end":{"line":205,"column":50}},{"start":{"line":205,"column":50},"end":{"line":205,"column":null}}],"line":205}},"s":{"0":2,"1":2,"2":0,"3":2,"4":0,"5":0,"6":0,"7":0,"8":2,"9":1,"10":1,"11":0,"12":1,"13":0,"14":1,"15":0,"16":1,"17":0,"18":0,"19":0,"20":0,"21":0,"22":0,"23":0,"24":0,"25":0,"26":0,"27":0,"28":0,"29":0,"30":0,"31":0,"32":1,"33":1,"34":1,"35":1,"36":1,"37":0,"38":0,"39":0,"40":0,"41":0,"42":0,"43":0,"44":0,"45":0,"46":0,"47":0,"48":0,"49":0,"50":0,"51":0,"52":0,"53":0,"54":0,"55":0,"56":0,"57":0,"58":0,"59":0,"60":0,"61":0,"62":0,"63":0,"64":0,"65":0,"66":0,"67":0,"68":0,"69":0,"70":0,"71":0,"72":0},"f":{"0":2,"1":0,"2":1,"3":0,"4":0,"5":0},"b":{"0":[0,2],"1":[0,2],"2":[2,0],"3":[0,0],"4":[1,1],"5":[0,1],"6":[0,1],"7":[0,1],"8":[0,0],"9":[0,0],"10":[0,0],"11":[0,0],"12":[0,0],"13":[1,0],"14":[0,0],"15":[0,0],"16":[0,0],"17":[0,0],"18":[0,0],"19":[0,0],"20":[0,0],"21":[0,0],"22":[0,0],"23":[0,0],"24":[0,0],"25":[0,0],"26":[0,0],"27":[0,0],"28":[0,0],"29":[0,0],"30":[0,0],"31":[0,0],"32":[0,0]},"meta":{"lastBranch":33,"lastFunction":6,"lastStatement":73,"seen":{"f:31:16:31:31":0,"s:32:2:32:Infinity":0,"b:33:2:33:Infinity:undefined:undefined:undefined:undefined":0,"s:33:2:33:Infinity":1,"s:33:13:33:Infinity":2,"b:36:2:53:Infinity:undefined:undefined:undefined:undefined":1,"s:36:2:53:Infinity":3,"b:36:6:36:31:36:31:36:63":2,"s:37:4:52:Infinity":4,"s:46:24:46:Infinity":5,"b:47:8:49:Infinity:undefined:undefined:undefined:undefined":3,"s:47:8:49:Infinity":6,"s:48:12:48:Infinity":7,"b:55:2:63:Infinity:57:2:63:Infinity":4,"s:55:2:63:Infinity":8,"s:56:4:56:Infinity":9,"b:57:2:63:Infinity:59:2:63:Infinity":5,"s:57:2:63:Infinity":10,"s:58:4:58:Infinity":11,"b:59:2:63:Infinity:61:2:63:Infinity":6,"s:59:2:63:Infinity":12,"s:60:4:60:Infinity":13,"b:61:2:63:Infinity:undefined:undefined:undefined:undefined":7,"s:61:2:63:Infinity":14,"s:62:4:62:Infinity":15,"s:64:2:64:Infinity":16,"f:67:16:67:32":1,"s:68:4:68:Infinity":17,"b:69:4:69:Infinity:undefined:undefined:undefined:undefined":8,"s:69:4:69:Infinity":18,"s:69:18:69:Infinity":19,"b:72:4:82:Infinity:undefined:undefined:undefined:undefined":9,"s:72:4:82:Infinity":20,"b:72:8:72:36:72:36:72:73":10,"s:73:8:81:Infinity":21,"s:74:28:74:Infinity":22,"b:76:12:78:Infinity:undefined:undefined:undefined:undefined":11,"s:76:12:78:Infinity":23,"s:77:16:77:Infinity":24,"s:84:18:84:Infinity":25,"s:85:34:85:Infinity":26,"s:87:4:92:Infinity":27,"s:88:23:88:Infinity":28,"b:89:8:91:Infinity:undefined:undefined:undefined:undefined":12,"s:89:8:91:Infinity":29,"s:90:12:90:Infinity":30,"s:94:4:94:Infinity":31,"f:97:9:97:20":2,"s:98:2:120:Infinity":32,"s:99:19:99:Infinity":33,"s:100:20:100:Infinity":34,"s:101:19:101:Infinity":35,"s:102:4:116:Infinity":36,"b:104:11:104:24:104:24:104:Infinity":13,"s:118:4:118:Infinity":37,"s:119:4:119:Infinity":38,"f:123:9:123:20":3,"s:124:2:149:Infinity":39,"s:125:16:125:Infinity":40,"s:126:19:126:Infinity":41,"s:127:4:145:Infinity":42,"b:129:11:129:52:129:52:129:Infinity":14,"b:133:15:133:37:133:37:133:Infinity":15,"b:134:16:134:42:134:42:134:Infinity":16,"b:135:12:135:34:135:34:135:Infinity":17,"b:137:17:137:53:137:53:137:Infinity":18,"b:138:21:138:42:138:42:138:Infinity":19,"b:142:25:142:45:142:45:142:Infinity":20,"s:147:6:147:Infinity":43,"s:148:6:148:Infinity":44,"f:152:9:152:26":4,"s:153:4:189:Infinity":45,"s:154:18:154:Infinity":46,"s:155:26:155:Infinity":47,"s:156:18:156:Infinity":48,"b:157:8:160:Infinity:undefined:undefined:undefined:undefined":21,"s:157:8:160:Infinity":49,"s:158:12:158:Infinity":50,"b:158:18:158:70:158:70:158:Infinity":22,"s:159:12:159:Infinity":51,"s:162:22:162:Infinity":52,"b:163:8:165:Infinity:undefined:undefined:undefined:undefined":23,"s:163:8:165:Infinity":53,"s:164:13:164:Infinity":54,"s:167:22:167:Infinity":55,"b:168:8:168:Infinity:undefined:undefined:undefined:undefined":24,"s:168:8:168:Infinity":56,"s:168:30:168:Infinity":57,"s:170:25:170:Infinity":58,"s:171:27:171:Infinity":59,"b:172:8:172:Infinity:undefined:undefined:undefined:undefined":25,"s:172:8:172:Infinity":60,"b:172:12:172:25:172:25:172:38":26,"s:172:38:172:Infinity":61,"s:174:25:174:Infinity":62,"s:175:27:175:Infinity":63,"b:177:8:177:Infinity:undefined:undefined:undefined:undefined":27,"s:177:8:177:Infinity":64,"b:177:12:177:35:177:35:177:58":28,"s:177:58:177:Infinity":65,"s:179:8:186:Infinity":66,"b:182:20:182:37:182:37:182:Infinity":29,"s:188:8:188:Infinity":67,"f:192:9:192:21":5,"s:193:4:211:Infinity":68,"s:194:20:194:Infinity":69,"s:195:23:195:Infinity":70,"s:196:8:208:Infinity":71,"b:198:17:198:58:198:58:198:Infinity":30,"b:202:21:202:43:202:43:202:Infinity":31,"b:205:29:205:50:205:50:205:Infinity":32,"s:210:8:210:Infinity":72}}}
,"D:\\code\\ai\\LagZero\\src\\utils\\singbox-config.ts": {"path":"D:\\code\\ai\\LagZero\\src\\utils\\singbox-config.ts","statementMap":{"0":{"start":{"line":29,"column":24},"end":{"line":29,"column":null}},"1":{"start":{"line":30,"column":20},"end":{"line":30,"column":null}},"2":{"start":{"line":31,"column":24},"end":{"line":31,"column":null}},"3":{"start":{"line":32,"column":25},"end":{"line":32,"column":null}},"4":{"start":{"line":35,"column":32},"end":{"line":92,"column":null}},"5":{"start":{"line":95,"column":23},"end":{"line":95,"column":null}},"6":{"start":{"line":96,"column":2},"end":{"line":96,"column":null}},"7":{"start":{"line":100,"column":2},"end":{"line":104,"column":null}},"8":{"start":{"line":106,"column":2},"end":{"line":111,"column":null}},"9":{"start":{"line":107,"column":5},"end":{"line":110,"column":null}},"10":{"start":{"line":114,"column":2},"end":{"line":118,"column":null}},"11":{"start":{"line":120,"column":2},"end":{"line":147,"column":null}},"12":{"start":{"line":122,"column":27},"end":{"line":122,"column":null}},"13":{"start":{"line":124,"column":6},"end":{"line":138,"column":null}},"14":{"start":{"line":126,"column":10},"end":{"line":129,"column":null}},"15":{"start":{"line":130,"column":10},"end":{"line":133,"column":null}},"16":{"start":{"line":141,"column":6},"end":{"line":146,"column":null}},"17":{"start":{"line":142,"column":10},"end":{"line":145,"column":null}},"18":{"start":{"line":149,"column":2},"end":{"line":149,"column":null}},"19":{"start":{"line":153,"column":15},"end":{"line":157,"column":null}},"20":{"start":{"line":159,"column":2},"end":{"line":240,"column":null}},"21":{"start":{"line":162,"column":6},"end":{"line":169,"column":null}},"22":{"start":{"line":171,"column":6},"end":{"line":191,"column":null}},"23":{"start":{"line":193,"column":8},"end":{"line":213,"column":null}},"24":{"start":{"line":215,"column":8},"end":{"line":233,"column":null}},"25":{"start":{"line":236,"column":6},"end":{"line":239,"column":null}},"26":{"start":{"line":244,"column":16},"end":{"line":246,"column":null}},"27":{"start":{"line":245,"column":14},"end":{"line":245,"column":36}},"28":{"start":{"line":248,"column":14},"end":{"line":248,"column":null}},"29":{"start":{"line":249,"column":2},"end":{"line":253,"column":null}},"30":{"start":{"line":250,"column":4},"end":{"line":250,"column":null}},"31":{"start":{"line":251,"column":18},"end":{"line":251,"column":null}},"32":{"start":{"line":252,"column":4},"end":{"line":252,"column":null}},"33":{"start":{"line":252,"column":21},"end":{"line":252,"column":null}},"34":{"start":{"line":255,"column":2},"end":{"line":255,"column":null}}},"fnMap":{"0":{"name":"generateSingboxConfig","decl":{"start":{"line":28,"column":16},"end":{"line":28,"column":38}},"loc":{"start":{"line":28,"column":76},"end":{"line":150,"column":null}},"line":28},"1":{"name":"convertNodeToOutbound","decl":{"start":{"line":152,"column":9},"end":{"line":152,"column":31}},"loc":{"start":{"line":152,"column":54},"end":{"line":241,"column":null}},"line":152},"2":{"name":"normalizeProcessNames","decl":{"start":{"line":243,"column":9},"end":{"line":243,"column":31}},"loc":{"start":{"line":243,"column":62},"end":{"line":256,"column":null}},"line":243},"3":{"name":"(anonymous_3)","decl":{"start":{"line":245,"column":9},"end":{"line":245,"column":14}},"loc":{"start":{"line":245,"column":14},"end":{"line":245,"column":36}},"line":245},"4":{"name":"(anonymous_4)","decl":{"start":{"line":249,"column":16},"end":{"line":249,"column":21}},"loc":{"start":{"line":249,"column":21},"end":{"line":253,"column":3}},"line":249}},"branchMap":{"0":{"loc":{"start":{"line":30,"column":42},"end":{"line":30,"column":113}},"type":"cond-expr","locations":[{"start":{"line":30,"column":76},"end":{"line":30,"column":95}},{"start":{"line":30,"column":95},"end":{"line":30,"column":113}}],"line":30},"1":{"loc":{"start":{"line":47,"column":13},"end":{"line":49,"column":null}},"type":"cond-expr","locations":[{"start":{"line":47,"column":29},"end":{"line":47,"column":34}},{"start":{"line":47,"column":34},"end":{"line":49,"column":null}}],"line":47},"2":{"loc":{"start":{"line":50,"column":13},"end":{"line":50,"column":null}},"type":"cond-expr","locations":[{"start":{"line":50,"column":29},"end":{"line":50,"column":40}},{"start":{"line":50,"column":40},"end":{"line":50,"column":null}}],"line":50},"3":{"loc":{"start":{"line":90,"column":13},"end":{"line":90,"column":null}},"type":"cond-expr","locations":[{"start":{"line":90,"column":29},"end":{"line":90,"column":39}},{"start":{"line":90,"column":39},"end":{"line":90,"column":null}}],"line":90},"4":{"loc":{"start":{"line":106,"column":2},"end":{"line":111,"column":null}},"type":"if","locations":[{"start":{"line":106,"column":2},"end":{"line":111,"column":null}},{"start":{},"end":{}}],"line":106},"5":{"loc":{"start":{"line":120,"column":2},"end":{"line":147,"column":null}},"type":"if","locations":[{"start":{"line":120,"column":2},"end":{"line":147,"column":null}},{"start":{"line":139,"column":9},"end":{"line":147,"column":null}}],"line":120},"6":{"loc":{"start":{"line":122,"column":27},"end":{"line":122,"column":null}},"type":"binary-expr","locations":[{"start":{"line":122,"column":27},"end":{"line":122,"column":48}},{"start":{"line":122,"column":48},"end":{"line":122,"column":null}}],"line":122},"7":{"loc":{"start":{"line":124,"column":6},"end":{"line":138,"column":null}},"type":"if","locations":[{"start":{"line":124,"column":6},"end":{"line":138,"column":null}},{"start":{"line":135,"column":13},"end":{"line":138,"column":null}}],"line":124},"8":{"loc":{"start":{"line":141,"column":6},"end":{"line":146,"column":null}},"type":"if","locations":[{"start":{"line":141,"column":6},"end":{"line":146,"column":null}},{"start":{},"end":{}}],"line":141},"9":{"loc":{"start":{"line":159,"column":2},"end":{"line":240,"column":null}},"type":"switch","locations":[{"start":{"line":160,"column":4},"end":{"line":160,"column":null}},{"start":{"line":161,"column":4},"end":{"line":169,"column":null}},{"start":{"line":170,"column":4},"end":{"line":191,"column":null}},{"start":{"line":192,"column":4},"end":{"line":213,"column":null}},{"start":{"line":214,"column":4},"end":{"line":233,"column":null}},{"start":{"line":234,"column":4},"end":{"line":239,"column":null}}],"line":159},"10":{"loc":{"start":{"line":175,"column":18},"end":{"line":175,"column":null}},"type":"binary-expr","locations":[{"start":{"line":175,"column":18},"end":{"line":175,"column":35}},{"start":{"line":175,"column":35},"end":{"line":175,"column":null}}],"line":175},"11":{"loc":{"start":{"line":177,"column":19},"end":{"line":181,"column":null}},"type":"cond-expr","locations":[{"start":{"line":177,"column":34},"end":{"line":181,"column":12}},{"start":{"line":181,"column":12},"end":{"line":181,"column":null}}],"line":177},"12":{"loc":{"start":{"line":180,"column":21},"end":{"line":180,"column":null}},"type":"cond-expr","locations":[{"start":{"line":180,"column":33},"end":{"line":180,"column":55}},{"start":{"line":180,"column":55},"end":{"line":180,"column":null}}],"line":180},"13":{"loc":{"start":{"line":182,"column":13},"end":{"line":190,"column":null}},"type":"cond-expr","locations":[{"start":{"line":182,"column":33},"end":{"line":190,"column":12}},{"start":{"line":190,"column":12},"end":{"line":190,"column":null}}],"line":182},"14":{"loc":{"start":{"line":184,"column":25},"end":{"line":184,"column":null}},"type":"binary-expr","locations":[{"start":{"line":184,"column":25},"end":{"line":184,"column":49}},{"start":{"line":184,"column":49},"end":{"line":184,"column":null}}],"line":184},"15":{"loc":{"start":{"line":186,"column":18},"end":{"line":189,"column":null}},"type":"cond-expr","locations":[{"start":{"line":186,"column":43},"end":{"line":189,"column":16}},{"start":{"line":189,"column":16},"end":{"line":189,"column":null}}],"line":186},"16":{"loc":{"start":{"line":199,"column":23},"end":{"line":203,"column":null}},"type":"cond-expr","locations":[{"start":{"line":199,"column":38},"end":{"line":203,"column":16}},{"start":{"line":203,"column":16},"end":{"line":203,"column":null}}],"line":199},"17":{"loc":{"start":{"line":202,"column":25},"end":{"line":202,"column":null}},"type":"cond-expr","locations":[{"start":{"line":202,"column":37},"end":{"line":202,"column":59}},{"start":{"line":202,"column":59},"end":{"line":202,"column":null}}],"line":202},"18":{"loc":{"start":{"line":204,"column":17},"end":{"line":212,"column":null}},"type":"cond-expr","locations":[{"start":{"line":204,"column":37},"end":{"line":212,"column":16}},{"start":{"line":212,"column":16},"end":{"line":212,"column":null}}],"line":204},"19":{"loc":{"start":{"line":206,"column":29},"end":{"line":206,"column":null}},"type":"binary-expr","locations":[{"start":{"line":206,"column":29},"end":{"line":206,"column":53}},{"start":{"line":206,"column":53},"end":{"line":206,"column":null}}],"line":206},"20":{"loc":{"start":{"line":208,"column":22},"end":{"line":211,"column":null}},"type":"cond-expr","locations":[{"start":{"line":208,"column":47},"end":{"line":211,"column":20}},{"start":{"line":211,"column":20},"end":{"line":211,"column":null}}],"line":208},"21":{"loc":{"start":{"line":219,"column":23},"end":{"line":223,"column":null}},"type":"cond-expr","locations":[{"start":{"line":219,"column":38},"end":{"line":223,"column":16}},{"start":{"line":223,"column":16},"end":{"line":223,"column":null}}],"line":219},"22":{"loc":{"start":{"line":222,"column":25},"end":{"line":222,"column":null}},"type":"cond-expr","locations":[{"start":{"line":222,"column":37},"end":{"line":222,"column":59}},{"start":{"line":222,"column":59},"end":{"line":222,"column":null}}],"line":222},"23":{"loc":{"start":{"line":226,"column":29},"end":{"line":226,"column":null}},"type":"binary-expr","locations":[{"start":{"line":226,"column":29},"end":{"line":226,"column":54}},{"start":{"line":226,"column":54},"end":{"line":226,"column":67}},{"start":{"line":226,"column":67},"end":{"line":226,"column":null}}],"line":226},"24":{"loc":{"start":{"line":228,"column":22},"end":{"line":231,"column":null}},"type":"cond-expr","locations":[{"start":{"line":228,"column":48},"end":{"line":231,"column":20}},{"start":{"line":231,"column":20},"end":{"line":231,"column":null}}],"line":228},"25":{"loc":{"start":{"line":245,"column":21},"end":{"line":245,"column":28}},"type":"binary-expr","locations":[{"start":{"line":245,"column":21},"end":{"line":245,"column":26}},{"start":{"line":245,"column":26},"end":{"line":245,"column":28}}],"line":245},"26":{"loc":{"start":{"line":252,"column":4},"end":{"line":252,"column":null}},"type":"if","locations":[{"start":{"line":252,"column":4},"end":{"line":252,"column":null}},{"start":{},"end":{}}],"line":252}},"s":{"0":4,"1":4,"2":4,"3":4,"4":4,"5":4,"6":4,"7":4,"8":4,"9":4,"10":4,"11":4,"12":1,"13":1,"14":0,"15":0,"16":3,"17":3,"18":4,"19":4,"20":4,"21":0,"22":4,"23":0,"24":0,"25":0,"26":4,"27":4,"28":4,"29":4,"30":4,"31":4,"32":4,"33":0,"34":4},"f":{"0":4,"1":4,"2":4,"3":4,"4":4},"b":{"0":[4,0],"1":[1,3],"2":[1,3],"3":[1,3],"4":[4,0],"5":[1,3],"6":[1,1],"7":[0,1],"8":[3,0],"9":[0,0,4,0,0,0],"10":[4,0],"11":[4,0],"12":[0,4],"13":[4,0],"14":[4,0],"15":[0,4],"16":[0,0],"17":[0,0],"18":[0,0],"19":[0,0],"20":[0,0],"21":[0,0],"22":[0,0],"23":[0,0,0],"24":[0,0],"25":[4,0],"26":[0,4]},"meta":{"lastBranch":27,"lastFunction":5,"lastStatement":35,"seen":{"f:28:16:28:38":0,"s:29:24:29:Infinity":0,"s:30:20:30:Infinity":1,"b:30:76:30:95:30:95:30:113":0,"s:31:24:31:Infinity":2,"s:32:25:32:Infinity":3,"s:35:32:92:Infinity":4,"b:47:29:47:34:47:34:49:Infinity":1,"b:50:29:50:40:50:40:50:Infinity":2,"b:90:29:90:39:90:39:90:Infinity":3,"s:95:23:95:Infinity":5,"s:96:2:96:Infinity":6,"s:100:2:104:Infinity":7,"b:106:2:111:Infinity:undefined:undefined:undefined:undefined":4,"s:106:2:111:Infinity":8,"s:107:5:110:Infinity":9,"s:114:2:118:Infinity":10,"b:120:2:147:Infinity:139:9:147:Infinity":5,"s:120:2:147:Infinity":11,"s:122:27:122:Infinity":12,"b:122:27:122:48:122:48:122:Infinity":6,"b:124:6:138:Infinity:135:13:138:Infinity":7,"s:124:6:138:Infinity":13,"s:126:10:129:Infinity":14,"s:130:10:133:Infinity":15,"b:141:6:146:Infinity:undefined:undefined:undefined:undefined":8,"s:141:6:146:Infinity":16,"s:142:10:145:Infinity":17,"s:149:2:149:Infinity":18,"f:152:9:152:31":1,"s:153:15:157:Infinity":19,"b:160:4:160:Infinity:161:4:169:Infinity:170:4:191:Infinity:192:4:213:Infinity:214:4:233:Infinity:234:4:239:Infinity":9,"s:159:2:240:Infinity":20,"s:162:6:169:Infinity":21,"s:171:6:191:Infinity":22,"b:175:18:175:35:175:35:175:Infinity":10,"b:177:34:181:12:181:12:181:Infinity":11,"b:180:33:180:55:180:55:180:Infinity":12,"b:182:33:190:12:190:12:190:Infinity":13,"b:184:25:184:49:184:49:184:Infinity":14,"b:186:43:189:16:189:16:189:Infinity":15,"s:193:8:213:Infinity":23,"b:199:38:203:16:203:16:203:Infinity":16,"b:202:37:202:59:202:59:202:Infinity":17,"b:204:37:212:16:212:16:212:Infinity":18,"b:206:29:206:53:206:53:206:Infinity":19,"b:208:47:211:20:211:20:211:Infinity":20,"s:215:8:233:Infinity":24,"b:219:38:223:16:223:16:223:Infinity":21,"b:222:37:222:59:222:59:222:Infinity":22,"b:226:29:226:54:226:54:226:67:226:67:226:Infinity":23,"b:228:48:231:20:231:20:231:Infinity":24,"s:236:6:239:Infinity":25,"f:243:9:243:31":2,"s:244:16:246:Infinity":26,"f:245:9:245:14":3,"s:245:14:245:36":27,"b:245:21:245:26:245:26:245:28":25,"s:248:14:248:Infinity":28,"s:249:2:253:Infinity":29,"f:249:16:249:21":4,"s:250:4:250:Infinity":30,"s:251:18:251:Infinity":31,"b:252:4:252:Infinity:undefined:undefined:undefined:undefined":26,"s:252:4:252:Infinity":32,"s:252:21:252:Infinity":33,"s:255:2:255:Infinity":34}}}
}
